running egg_info
creating ../build/vision_toolbox/vision_toolbox.egg-info
writing ../build/vision_toolbox/vision_toolbox.egg-info/PKG-INFO
writing dependency_links to ../build/vision_toolbox/vision_toolbox.egg-info/dependency_links.txt
writing entry points to ../build/vision_toolbox/vision_toolbox.egg-info/entry_points.txt
writing requirements to ../build/vision_toolbox/vision_toolbox.egg-info/requires.txt
writing top-level names to ../build/vision_toolbox/vision_toolbox.egg-info/top_level.txt
writing manifest file '../build/vision_toolbox/vision_toolbox.egg-info/SOURCES.txt'
reading manifest file '../build/vision_toolbox/vision_toolbox.egg-info/SOURCES.txt'
writing manifest file '../build/vision_toolbox/vision_toolbox.egg-info/SOURCES.txt'
running build
running build_py
creating /home/jakob/Desktop/P7-Robotics/vision_toolbox/build/vision_toolbox/build
creating /home/jakob/Desktop/P7-Robotics/vision_toolbox/build/vision_toolbox/build/lib
creating /home/jakob/Desktop/P7-Robotics/vision_toolbox/build/vision_toolbox/build/lib/vision_toolbox
copying vision_toolbox/__init__.py -> /home/jakob/Desktop/P7-Robotics/vision_toolbox/build/vision_toolbox/build/lib/vision_toolbox
copying vision_toolbox/converter.py -> /home/jakob/Desktop/P7-Robotics/vision_toolbox/build/vision_toolbox/build/lib/vision_toolbox
running install
running install_lib
creating /home/jakob/Desktop/P7-Robotics/vision_toolbox/install/vision_toolbox/lib/python3.8/site-packages/vision_toolbox
copying /home/jakob/Desktop/P7-Robotics/vision_toolbox/build/vision_toolbox/build/lib/vision_toolbox/__init__.py -> /home/jakob/Desktop/P7-Robotics/vision_toolbox/install/vision_toolbox/lib/python3.8/site-packages/vision_toolbox
copying /home/jakob/Desktop/P7-Robotics/vision_toolbox/build/vision_toolbox/build/lib/vision_toolbox/converter.py -> /home/jakob/Desktop/P7-Robotics/vision_toolbox/install/vision_toolbox/lib/python3.8/site-packages/vision_toolbox
byte-compiling /home/jakob/Desktop/P7-Robotics/vision_toolbox/install/vision_toolbox/lib/python3.8/site-packages/vision_toolbox/__init__.py to __init__.cpython-38.pyc
byte-compiling /home/jakob/Desktop/P7-Robotics/vision_toolbox/install/vision_toolbox/lib/python3.8/site-packages/vision_toolbox/converter.py to converter.cpython-38.pyc
running install_data
creating /home/jakob/Desktop/P7-Robotics/vision_toolbox/install/vision_toolbox/share/ament_index
creating /home/jakob/Desktop/P7-Robotics/vision_toolbox/install/vision_toolbox/share/ament_index/resource_index
creating /home/jakob/Desktop/P7-Robotics/vision_toolbox/install/vision_toolbox/share/ament_index/resource_index/packages
copying resource/vision_toolbox -> /home/jakob/Desktop/P7-Robotics/vision_toolbox/install/vision_toolbox/share/ament_index/resource_index/packages
copying package.xml -> /home/jakob/Desktop/P7-Robotics/vision_toolbox/install/vision_toolbox/share/vision_toolbox
running install_egg_info
Copying ../build/vision_toolbox/vision_toolbox.egg-info to /home/jakob/Desktop/P7-Robotics/vision_toolbox/install/vision_toolbox/lib/python3.8/site-packages/vision_toolbox-0.0.0-py3.8.egg-info
running install_scripts
Installing Bag2png.Converter script to /home/jakob/Desktop/P7-Robotics/vision_toolbox/install/vision_toolbox/lib/vision_toolbox
writing list of installed files to '/home/jakob/Desktop/P7-Robotics/vision_toolbox/build/vision_toolbox/install.log'
