[0.816s] Invoking command in '/home/jakob/Desktop/P7-Robotics/vision_toolbox/src': CONDA_PROMPT_MODIFIER=(project_7) PYTHONPATH=/home/jakob/Desktop/P7-Robotics/vision_toolbox/build/vision_toolbox/prefix_override:/usr/lib/python3/dist-packages/colcon_core/task/python/colcon_distutils_commands:/home/jakob/Desktop/P7-Robotics/vision_toolbox/install/vision_toolbox/lib/python3.8/site-packages:${PYTHONPATH} /usr/bin/python3 -W ignore:setup.py install is deprecated setup.py egg_info --egg-base ../build/vision_toolbox build --build-base /home/jakob/Desktop/P7-Robotics/vision_toolbox/build/vision_toolbox/build install --record /home/jakob/Desktop/P7-Robotics/vision_toolbox/build/vision_toolbox/install.log --single-version-externally-managed install_data
[1.146s] running egg_info
[1.147s] creating ../build/vision_toolbox/vision_toolbox.egg-info
[1.147s] writing ../build/vision_toolbox/vision_toolbox.egg-info/PKG-INFO
[1.147s] writing dependency_links to ../build/vision_toolbox/vision_toolbox.egg-info/dependency_links.txt
[1.147s] writing entry points to ../build/vision_toolbox/vision_toolbox.egg-info/entry_points.txt
[1.148s] writing requirements to ../build/vision_toolbox/vision_toolbox.egg-info/requires.txt
[1.148s] writing top-level names to ../build/vision_toolbox/vision_toolbox.egg-info/top_level.txt
[1.152s] writing manifest file '../build/vision_toolbox/vision_toolbox.egg-info/SOURCES.txt'
[1.183s] reading manifest file '../build/vision_toolbox/vision_toolbox.egg-info/SOURCES.txt'
[1.184s] writing manifest file '../build/vision_toolbox/vision_toolbox.egg-info/SOURCES.txt'
[1.184s] running build
[1.184s] running build_py
[1.184s] creating /home/jakob/Desktop/P7-Robotics/vision_toolbox/build/vision_toolbox/build
[1.184s] creating /home/jakob/Desktop/P7-Robotics/vision_toolbox/build/vision_toolbox/build/lib
[1.185s] creating /home/jakob/Desktop/P7-Robotics/vision_toolbox/build/vision_toolbox/build/lib/vision_toolbox
[1.185s] copying vision_toolbox/__init__.py -> /home/jakob/Desktop/P7-Robotics/vision_toolbox/build/vision_toolbox/build/lib/vision_toolbox
[1.185s] copying vision_toolbox/converter.py -> /home/jakob/Desktop/P7-Robotics/vision_toolbox/build/vision_toolbox/build/lib/vision_toolbox
[1.185s] running install
[1.185s] running install_lib
[1.186s] creating /home/jakob/Desktop/P7-Robotics/vision_toolbox/install/vision_toolbox/lib/python3.8/site-packages/vision_toolbox
[1.186s] copying /home/jakob/Desktop/P7-Robotics/vision_toolbox/build/vision_toolbox/build/lib/vision_toolbox/__init__.py -> /home/jakob/Desktop/P7-Robotics/vision_toolbox/install/vision_toolbox/lib/python3.8/site-packages/vision_toolbox
[1.186s] copying /home/jakob/Desktop/P7-Robotics/vision_toolbox/build/vision_toolbox/build/lib/vision_toolbox/converter.py -> /home/jakob/Desktop/P7-Robotics/vision_toolbox/install/vision_toolbox/lib/python3.8/site-packages/vision_toolbox
[1.187s] byte-compiling /home/jakob/Desktop/P7-Robotics/vision_toolbox/install/vision_toolbox/lib/python3.8/site-packages/vision_toolbox/__init__.py to __init__.cpython-38.pyc
[1.188s] byte-compiling /home/jakob/Desktop/P7-Robotics/vision_toolbox/install/vision_toolbox/lib/python3.8/site-packages/vision_toolbox/converter.py to converter.cpython-38.pyc
[1.189s] running install_data
[1.189s] creating /home/jakob/Desktop/P7-Robotics/vision_toolbox/install/vision_toolbox/share/ament_index
[1.189s] creating /home/jakob/Desktop/P7-Robotics/vision_toolbox/install/vision_toolbox/share/ament_index/resource_index
[1.190s] creating /home/jakob/Desktop/P7-Robotics/vision_toolbox/install/vision_toolbox/share/ament_index/resource_index/packages
[1.190s] copying resource/vision_toolbox -> /home/jakob/Desktop/P7-Robotics/vision_toolbox/install/vision_toolbox/share/ament_index/resource_index/packages
[1.190s] copying package.xml -> /home/jakob/Desktop/P7-Robotics/vision_toolbox/install/vision_toolbox/share/vision_toolbox
[1.190s] running install_egg_info
[1.191s] Copying ../build/vision_toolbox/vision_toolbox.egg-info to /home/jakob/Desktop/P7-Robotics/vision_toolbox/install/vision_toolbox/lib/python3.8/site-packages/vision_toolbox-0.0.0-py3.8.egg-info
[1.192s] running install_scripts
[1.208s] Installing Bag2png.Converter script to /home/jakob/Desktop/P7-Robotics/vision_toolbox/install/vision_toolbox/lib/vision_toolbox
[1.208s] writing list of installed files to '/home/jakob/Desktop/P7-Robotics/vision_toolbox/build/vision_toolbox/install.log'
[1.239s] Invoked command in '/home/jakob/Desktop/P7-Robotics/vision_toolbox/src' returned '0': CONDA_PROMPT_MODIFIER=(project_7) PYTHONPATH=/home/jakob/Desktop/P7-Robotics/vision_toolbox/build/vision_toolbox/prefix_override:/usr/lib/python3/dist-packages/colcon_core/task/python/colcon_distutils_commands:/home/jakob/Desktop/P7-Robotics/vision_toolbox/install/vision_toolbox/lib/python3.8/site-packages:${PYTHONPATH} /usr/bin/python3 -W ignore:setup.py install is deprecated setup.py egg_info --egg-base ../build/vision_toolbox build --build-base /home/jakob/Desktop/P7-Robotics/vision_toolbox/build/vision_toolbox/build install --record /home/jakob/Desktop/P7-Robotics/vision_toolbox/build/vision_toolbox/install.log --single-version-externally-managed install_data
